<?xml version="1.0" encoding="UTF-8"?>
<testsuite xmlns:xsi="http://www.w3.org/2001/XMLSchema-instance" xsi:noNamespaceSchemaLocation="https://maven.apache.org/surefire/maven-surefire-plugin/xsd/surefire-test-report-3.0.xsd" version="3.0" name="it.org.nifi.rocksdbmanager.processors.ProcessorsAndServiceTest" time="1.831" tests="3" errors="0" skipped="0" failures="0">
  <properties>
[...]
</properties>
  <testcase name="testWriter" classname="it.org.nifi.rocksdbmanager.processors.ProcessorsAndServiceTest" time="0.286"/>
  <testcase name="testReader" classname="it.org.nifi.rocksdbmanager.processors.ProcessorsAndServiceTest" time="0.032"/>
  <testcase name="testMap" classname="it.org.nifi.rocksdbmanager.processors.ProcessorsAndServiceTest" time="0.117">
    <system-err><![CDATA[[pool-4-thread-1] INFO org.apache.nifi.processors.standard.FetchDistributedMapCache - FetchDistributedMapCache[id=9fbd9192-6157-43e7-afb5-f0fc46704440] Could not find an entry in cache for FlowFile[0,749476830189708.mockFlowFile,0B]; routing to not-found
]]></system-err>
  </testcase>
</testsuite>