<?xml version="1.0" encoding="UTF-8"?>
<testsuite xmlns:xsi="http://www.w3.org/2001/XMLSchema-instance" xsi:noNamespaceSchemaLocation="https://maven.apache.org/surefire/maven-surefire-plugin/xsd/surefire-test-report-3.0.xsd" version="3.0" name="it.org.nifi.rocksdbmanager.processors.ProcessorsAndServiceTest" time="2.457" tests="2" errors="0" skipped="0" failures="0">
  <properties>
[...]
</properties>
  <testcase name="testWriter" classname="it.org.nifi.rocksdbmanager.processors.ProcessorsAndServiceTest" time="0.292"/>
  <testcase name="testReader" classname="it.org.nifi.rocksdbmanager.processors.ProcessorsAndServiceTest" time="0.025"/>
</testsuite>